0 info it worked if it ends with ok
1 verbose cli [ '/Users/dpayne/.nvm/versions/node/v0.12.13/bin/node',
1 verbose cli   '/Users/dpayne/.nvm/versions/node/v0.12.13/bin/npm',
1 verbose cli   'publish' ]
2 info using npm@2.15.0
3 info using node@v0.12.13
4 verbose publish [ '.' ]
5 silly cache add args [ '.', null ]
6 verbose cache add spec .
7 silly cache add parsed spec { raw: '.',
7 silly cache add   scope: null,
7 silly cache add   name: null,
7 silly cache add   rawSpec: '.',
7 silly cache add   spec: '/Users/dpayne/bitbucket/npm/localized-router',
7 silly cache add   type: 'directory' }
8 verbose addLocalDirectory /Users/dpayne/.npm/@haven/localized-router/0.1.1/package.tgz not in flight; packing
9 verbose correctMkdir /Users/dpayne/.npm correctMkdir not in flight; initializing
10 verbose tar pack [ '/Users/dpayne/.npm/@haven/localized-router/0.1.1/package.tgz',
10 verbose tar pack   '/Users/dpayne/bitbucket/npm/localized-router' ]
11 verbose tarball /Users/dpayne/.npm/@haven/localized-router/0.1.1/package.tgz
12 verbose folder /Users/dpayne/bitbucket/npm/localized-router
13 info prepublish @haven/localized-router@0.1.1
14 verbose addLocalTarball adding from inside cache /Users/dpayne/.npm/@haven/localized-router/0.1.1/package.tgz
15 verbose correctMkdir /Users/dpayne/.npm correctMkdir not in flight; initializing
16 silly cache afterAdd @haven/localized-router@0.1.1
17 verbose afterAdd /Users/dpayne/.npm/@haven/localized-router/0.1.1/package/package.json not in flight; writing
18 verbose correctMkdir /Users/dpayne/.npm correctMkdir not in flight; initializing
19 verbose afterAdd /Users/dpayne/.npm/@haven/localized-router/0.1.1/package/package.json written
20 silly publish { name: '@haven/localized-router',
20 silly publish   version: '0.1.1',
20 silly publish   description: 'A module for parsing localization files into front end changes via the router',
20 silly publish   main: 'index.js',
20 silly publish   scripts: { test: 'echo "Error: no test specified" && exit 1' },
20 silly publish   repository:
20 silly publish    { type: 'git',
20 silly publish      url: 'git+https://dpayne0220@bitbucket.org/haven_agency/npm-localized-router.git' },
20 silly publish   keywords: [ 'localization', 'router' ],
20 silly publish   devDependencies:
20 silly publish    { 'body-parser': '^1.9.0',
20 silly publish      chai: '^1.9.1',
20 silly publish      express: '^4.9.4',
20 silly publish      mocha: '^1.21.4',
20 silly publish      request: '^2.44.0',
20 silly publish      'properties-reader': '^0.0.15',
20 silly publish      'node-dir': '^0.1.11' },
20 silly publish   author: { name: 'Daniel Payne', email: 'daniel@havenagency.com' },
20 silly publish   license: 'ISC',
20 silly publish   homepage: 'https://bitbucket.org/haven_agency/npm-localized-router#readme',
20 silly publish   gitHead: 'bf91b360793a7fb334dc260b8d45da106dc232ca',
20 silly publish   readme: 'ERROR: No README data found!',
20 silly publish   _id: '@haven/localized-router@0.1.1',
20 silly publish   _shasum: 'd9a268387155514c76fe8e07b062b876c08bb038',
20 silly publish   _from: '.' }
21 verbose getPublishConfig undefined
22 silly mapToRegistry name @haven/localized-router
23 silly mapToRegistry scope (from package name) @haven
24 verbose mapToRegistry no registry URL found in name for scope @haven
25 silly mapToRegistry using default registry
26 silly mapToRegistry registry https://registry.npmjs.org/
27 silly mapToRegistry data { raw: '@haven/localized-router',
27 silly mapToRegistry   scope: '@haven',
27 silly mapToRegistry   name: '@haven/localized-router',
27 silly mapToRegistry   rawSpec: '',
27 silly mapToRegistry   spec: 'latest',
27 silly mapToRegistry   type: 'tag' }
28 silly mapToRegistry uri https://registry.npmjs.org/@haven%2flocalized-router
29 verbose publish registryBase https://registry.npmjs.org/
30 silly publish uploading /Users/dpayne/.npm/@haven/localized-router/0.1.1/package.tgz
31 verbose request uri https://registry.npmjs.org/@haven%2flocalized-router
32 verbose request sending authorization for write operation
33 info attempt registry request try #1 at 1:48:04 PM
34 verbose request using bearer token for auth
35 verbose request id 5154349a00e65fac
36 http request PUT https://registry.npmjs.org/@haven%2flocalized-router
37 http 403 https://registry.npmjs.org/@haven%2flocalized-router
38 verbose headers { 'content-type': 'application/json',
38 verbose headers   'cache-control': 'max-age=0',
38 verbose headers   'content-length': '95',
38 verbose headers   'accept-ranges': 'bytes',
38 verbose headers   date: 'Fri, 22 Apr 2016 20:48:04 GMT',
38 verbose headers   via: '1.1 varnish',
38 verbose headers   connection: 'keep-alive',
38 verbose headers   'x-served-by': 'cache-lax1425-LAX',
38 verbose headers   'x-cache': 'MISS',
38 verbose headers   'x-cache-hits': '0',
38 verbose headers   'x-timer': 'S1461358084.263802,VS0,VE426' }
39 verbose request invalidating /Users/dpayne/.npm/registry.npmjs.org/_40haven_252flocalized-router on PUT
40 error publish Failed PUT 403
41 verbose stack Error: "You cannot publish over the previously published version 0.1.1." : @haven/localized-router
41 verbose stack     at makeError (/Users/dpayne/.nvm/versions/node/v0.12.13/lib/node_modules/npm/node_modules/npm-registry-client/lib/request.js:264:12)
41 verbose stack     at CachingRegistryClient.<anonymous> (/Users/dpayne/.nvm/versions/node/v0.12.13/lib/node_modules/npm/node_modules/npm-registry-client/lib/request.js:252:14)
41 verbose stack     at Request._callback (/Users/dpayne/.nvm/versions/node/v0.12.13/lib/node_modules/npm/node_modules/npm-registry-client/lib/request.js:172:14)
41 verbose stack     at Request.self.callback (/Users/dpayne/.nvm/versions/node/v0.12.13/lib/node_modules/npm/node_modules/request/request.js:199:22)
41 verbose stack     at Request.emit (events.js:110:17)
41 verbose stack     at Request.<anonymous> (/Users/dpayne/.nvm/versions/node/v0.12.13/lib/node_modules/npm/node_modules/request/request.js:1036:10)
41 verbose stack     at Request.emit (events.js:129:20)
41 verbose stack     at IncomingMessage.<anonymous> (/Users/dpayne/.nvm/versions/node/v0.12.13/lib/node_modules/npm/node_modules/request/request.js:963:12)
41 verbose stack     at IncomingMessage.emit (events.js:129:20)
41 verbose stack     at _stream_readable.js:908:16
42 verbose statusCode 403
43 verbose pkgid @haven/localized-router
44 verbose cwd /Users/dpayne/bitbucket/npm/localized-router
45 error Darwin 15.0.0
46 error argv "/Users/dpayne/.nvm/versions/node/v0.12.13/bin/node" "/Users/dpayne/.nvm/versions/node/v0.12.13/bin/npm" "publish"
47 error node v0.12.13
48 error npm  v2.15.0
49 error code E403
50 error "You cannot publish over the previously published version 0.1.1." : @haven/localized-router
51 error If you need help, you may report this error at:
51 error     <https://github.com/npm/npm/issues>
52 verbose exit [ 1, true ]
